<?xml version="1.0" encoding="UTF-8"?>
<testsuite name="FlipkartProductSearch" tests="1" skipped="0" failures="0" errors="0" timestamp="2022-10-11T09:26:51" hostname="Testvagrants-MacBook-Pro.local" time="14.526">
  <properties/>
  <testcase name="searchProduct" classname="FlipkartProductSearch" time="14.526"/>
  <system-out><![CDATA[]]></system-out>
  <system-err><![CDATA[Starting ChromeDriver 106.0.5249.61 (511755355844955cd3e264779baf0dd38212a4d0-refs/branch-heads/5249@{#569}) on port 61451
Only local connections are allowed.
Please see https://chromedriver.chromium.org/security-considerations for suggestions on keeping ChromeDriver safe.
ChromeDriver was started successfully.
Oct 11, 2022 2:56:15 PM org.openqa.selenium.remote.ProtocolHandshake createSession
INFO: Detected upstream dialect: W3C
Oct 11, 2022 2:56:15 PM org.openqa.selenium.devtools.CdpVersionFinder findNearestMatch
INFO: Found exact CDP implementation for version 106
]]></system-err>
</testsuite>
